<?xml version="1.0" encoding="UTF-8"?>
<!-- Generated by org.testng.reporters.JUnitReportReporter -->
<testsuite hostname="DESKTOP-QTE1NIK" failures="0" tests="1" name="driverFactory.AppTest" time="39.747" errors="0" timestamp="2023-09-16T15:39:43 PDT" skipped="0">
  <testcase classname="driverFactory.AppTest" name="kickstart" time="39.747"/>
  <system-out/>
</testsuite> <!-- driverFactory.AppTest -->
